mode: set
github.com/mlabouardy/Hands-On-Serverless-Applications-with-Go/ch10/insert/main.go:23.92,26.16 3 1
github.com/mlabouardy/Hands-On-Serverless-Applications-with-Go/ch10/insert/main.go:33.2,34.16 2 1
github.com/mlabouardy/Hands-On-Serverless-Applications-with-Go/ch10/insert/main.go:41.2,60.16 4 1
github.com/mlabouardy/Hands-On-Serverless-Applications-with-Go/ch10/insert/main.go:67.2,73.8 1 1
github.com/mlabouardy/Hands-On-Serverless-Applications-with-Go/ch10/insert/main.go:26.16,31.3 1 1
github.com/mlabouardy/Hands-On-Serverless-Applications-with-Go/ch10/insert/main.go:34.16,39.3 1 0
github.com/mlabouardy/Hands-On-Serverless-Applications-with-Go/ch10/insert/main.go:60.16,65.3 1 0
github.com/mlabouardy/Hands-On-Serverless-Applications-with-Go/ch10/insert/main.go:76.13,78.2 1 0
